2024-11-06 11:44:25,683 - httpx - INFO - HTTP Request: POST http://testserver/projects/ "HTTP/1.1 201 Created"
2024-11-06 11:44:25,690 - httpx - INFO - HTTP Request: POST http://testserver/projects/ "HTTP/1.1 422 Unprocessable Entity"
2024-11-06 11:44:25,697 - httpx - INFO - HTTP Request: POST http://testserver/projects/ "HTTP/1.1 422 Unprocessable Entity"
2024-11-06 11:44:25,704 - httpx - INFO - HTTP Request: GET http://testserver/projects/ "HTTP/1.1 200 OK"
2024-11-06 11:44:25,709 - services - ERROR - Error in get_projects_service: Database error
2024-11-06 11:44:25,710 - httpx - INFO - HTTP Request: GET http://testserver/projects/ "HTTP/1.1 500 Internal Server Error"
2024-11-06 11:44:25,717 - httpx - INFO - HTTP Request: GET http://testserver/projects/ "HTTP/1.1 200 OK"
2024-11-06 11:44:25,725 - httpx - INFO - HTTP Request: GET http://testserver/projects/1 "HTTP/1.1 200 OK"
2024-11-06 11:44:25,733 - httpx - INFO - HTTP Request: GET http://testserver/projects/999 "HTTP/1.1 404 Not Found"
2024-11-06 11:44:25,739 - services - ERROR - Error in get_project_by_id_service for project ID 1: Database error
2024-11-06 11:44:25,740 - httpx - INFO - HTTP Request: GET http://testserver/projects/1 "HTTP/1.1 500 Internal Server Error"
2024-11-06 11:44:25,749 - httpx - INFO - HTTP Request: PUT http://testserver/projects/1 "HTTP/1.1 200 OK"
2024-11-06 11:44:25,756 - httpx - INFO - HTTP Request: PUT http://testserver/projects/999 "HTTP/1.1 404 Not Found"
2024-11-06 11:44:25,764 - services - ERROR - Error in get_project_by_id_service for project ID 1: Database error
2024-11-06 11:44:25,764 - services - ERROR - Error in update_project_service for project ID 1: 500: An unexpected error occurred while fetching the project. Please try again later.
2024-11-06 11:44:25,765 - httpx - INFO - HTTP Request: PUT http://testserver/projects/1 "HTTP/1.1 500 Internal Server Error"
2024-11-06 11:44:25,774 - httpx - INFO - HTTP Request: DELETE http://testserver/projects/1 "HTTP/1.1 200 OK"
2024-11-06 11:44:25,782 - httpx - INFO - HTTP Request: DELETE http://testserver/projects/999 "HTTP/1.1 404 Not Found"
2024-11-06 11:44:25,788 - services - ERROR - Error in get_project_by_id_service for project ID 1: Database error
2024-11-06 11:44:25,788 - services - ERROR - Error in delete_project_service for project ID 1: 500: An unexpected error occurred while fetching the project. Please try again later.
2024-11-06 11:44:25,789 - httpx - INFO - HTTP Request: DELETE http://testserver/projects/1 "HTTP/1.1 500 Internal Server Error"
